[debug] [2022-12-11T20:33:12.286Z] ----------------------------------------------------------------------
[debug] [2022-12-11T20:33:12.288Z] Command:       /usr/local/bin/firebase /Users/aratrika/.cache/firebase/tools/lib/node_modules/firebase-tools/lib/bin/firebase init storage
[debug] [2022-12-11T20:33:12.288Z] CLI Version:   11.17.0
[debug] [2022-12-11T20:33:12.288Z] Platform:      darwin
[debug] [2022-12-11T20:33:12.288Z] Node Version:  v16.16.0
[debug] [2022-12-11T20:33:12.292Z] Time:          Sun Dec 11 2022 15:33:12 GMT-0500 (Eastern Standard Time)
[debug] [2022-12-11T20:33:12.292Z] ----------------------------------------------------------------------
[debug] 
[debug] [2022-12-11T20:33:12.299Z] > command requires scopes: ["email","openid","https://www.googleapis.com/auth/cloudplatformprojects.readonly","https://www.googleapis.com/auth/firebase","https://www.googleapis.com/auth/cloud-platform"]
[debug] [2022-12-11T20:33:12.300Z] > authorizing via signed-in user (aratrika.mukherjee26@gmail.com)
[info] 
     ######## #### ########  ######## ########     ###     ######  ########
     ##        ##  ##     ## ##       ##     ##  ##   ##  ##       ##
     ######    ##  ########  ######   ########  #########  ######  ######
     ##        ##  ##    ##  ##       ##     ## ##     ##       ## ##
     ##       #### ##     ## ######## ########  ##     ##  ######  ########

You're about to initialize a Firebase project in this directory:

  /Users/aratrika/AndroidStudioProjects/YardSale App/android-yard-sale/app

[info] 
=== Project Setup
[info] 
[info] First, let's associate this project directory with a Firebase project.
[info] You can create multiple project aliases by running firebase use --add, 
[info] but for now we'll just set up a default project.
[info] 
